<?xml version="1.0" encoding="UTF-8"?>
<testsuite xmlns:xsi="http://www.w3.org/2001/XMLSchema-instance" xsi:noNamespaceSchemaLocation="https://maven.apache.org/surefire/maven-surefire-plugin/xsd/surefire-test-report-3.0.xsd" version="3.0" name="com.example.inventoryproducer.service.KafkaPublisherTest" time="0.103" tests="2" errors="0" skipped="0" failures="0">
  <properties>
[...]
</properties>
  <testcase name="send_success_publishes_to_main_topic" classname="com.example.inventoryproducer.service.KafkaPublisherTest" time="0.086">
    <system-err><![CDATA[Sept 13, 2025 11:43:26 PM org.junit.platform.launcher.core.LauncherConfigurationParameters loadClasspathResource
WARNING: Discovered 2 'junit-platform.properties' configuration files in the classpath; only the first will be used.
Sept 13, 2025 11:43:26 PM org.junit.platform.launcher.core.LauncherConfigurationParameters loadClasspathResource
WARNING: Discovered 2 'junit-platform.properties' configuration files in the classpath; only the first will be used.
Sept 13, 2025 11:43:26 PM org.junit.platform.launcher.core.LauncherConfigurationParameters loadClasspathResource
WARNING: Discovered 2 'junit-platform.properties' configuration files in the classpath; only the first will be used.
Sept 13, 2025 11:43:26 PM org.junit.platform.launcher.core.LauncherConfigurationParameters loadClasspathResource
WARNING: Discovered 2 'junit-platform.properties' configuration files in the classpath; only the first will be used.
]]></system-err>
  </testcase>
  <testcase name="send_failure_goes_to_dlq" classname="com.example.inventoryproducer.service.KafkaPublisherTest" time="0.003">
    <system-out><![CDATA[23:43:26.714 [main] ERROR com.example.inventoryproducer.service.KafkaPublisher -- Failed to send to topic=inventory_data key=p1: java.lang.RuntimeException: test
23:43:26.716 [main] WARN com.example.inventoryproducer.service.KafkaPublisher -- Sent record to DLQ topic=dlq_inventory_data key=p1 due to error: java.lang.RuntimeException: test
]]></system-out>
  </testcase>
</testsuite>